<?xml version="1.0" encoding="UTF-8"?>
<testng-results ignored="0" total="3" passed="2" failed="1" skipped="0">
  <reporter-output>
  </reporter-output>
  <suite started-at="2023-06-19T17:56:29 IST" name="Command line suite" finished-at="2023-06-19T17:59:24 IST" duration-ms="174674">
    <groups>
    </groups>
    <test started-at="2023-06-19T17:56:29 IST" name="Command line test" finished-at="2023-06-19T17:59:24 IST" duration-ms="174674">
      <class name="com.E_POC2.TestCases.PowerBIDashBoardTest">
        <test-method is-config="true" signature="setUp(java.lang.String)[pri:0, instance:com.E_POC2.TestCases.PowerBIDashBoardTest@4a668b6e]" started-at="2023-06-19T17:56:29 IST" name="setUp" finished-at="2023-06-19T17:56:44 IST" duration-ms="15132" status="PASS">
          <params>
            <param index="0">
              <value>
                <![CDATA[chrome]]>
              </value>
            </param>
          </params>
          <reporter-output>
          </reporter-output>
        </test-method> <!-- setUp -->
        <test-method signature="loginAndDropDownSelection()[pri:0, instance:com.E_POC2.TestCases.PowerBIDashBoardTest@4a668b6e]" started-at="2023-06-19T17:56:44 IST" name="loginAndDropDownSelection" finished-at="2023-06-19T17:57:23 IST" duration-ms="38404" status="PASS">
          <reporter-output>
          </reporter-output>
        </test-method> <!-- loginAndDropDownSelection -->
        <test-method signature="monthPerformance()[pri:0, instance:com.E_POC2.TestCases.PowerBIDashBoardTest@4a668b6e]" started-at="2023-06-19T17:57:23 IST" name="monthPerformance" finished-at="2023-06-19T17:58:24 IST" depends-on-methods="com.E_POC2.TestCases.PowerBIDashBoardTest.loginAndDropDownSelection" duration-ms="61178" status="PASS">
          <reporter-output>
          </reporter-output>
        </test-method> <!-- monthPerformance -->
        <test-method signature="lowAttendancePerformance()[pri:1, instance:com.E_POC2.TestCases.PowerBIDashBoardTest@4a668b6e]" started-at="2023-06-19T17:58:24 IST" name="lowAttendancePerformance" finished-at="2023-06-19T17:59:24 IST" depends-on-methods="com.E_POC2.TestCases.PowerBIDashBoardTest.loginAndDropDownSelection" duration-ms="59532" status="FAIL">
          <exception class="java.lang.AssertionError">
            <message>
              <![CDATA[Maps do not have the same size:4 != 1]]>
            </message>
            <full-stacktrace>
              <![CDATA[java.lang.AssertionError: Maps do not have the same size:4 != 1
at org.testng.Assert.fail(Assert.java:110)
at org.testng.Assert.assertEquals(Assert.java:1967)
at org.testng.Assert.assertEquals(Assert.java:1925)
at com.E_POC2.TestCases.PowerBIDashBoardTest.lowAttendancePerformance(PowerBIDashBoardTest.java:292)
at java.base/jdk.internal.reflect.NativeMethodAccessorImpl.invoke0(Native Method)
at java.base/jdk.internal.reflect.NativeMethodAccessorImpl.invoke(NativeMethodAccessorImpl.java:62)
at java.base/jdk.internal.reflect.DelegatingMethodAccessorImpl.invoke(DelegatingMethodAccessorImpl.java:43)
at java.base/java.lang.reflect.Method.invoke(Method.java:566)
at org.testng.internal.invokers.MethodInvocationHelper.invokeMethod(MethodInvocationHelper.java:139)
at org.testng.internal.invokers.TestInvoker.invokeMethod(TestInvoker.java:677)
at org.testng.internal.invokers.TestInvoker.invokeTestMethod(TestInvoker.java:221)
at org.testng.internal.invokers.MethodRunner.runInSequence(MethodRunner.java:50)
at org.testng.internal.invokers.TestInvoker$MethodInvocationAgent.invoke(TestInvoker.java:962)
at org.testng.internal.invokers.TestInvoker.invokeTestMethods(TestInvoker.java:194)
at org.testng.internal.invokers.TestMethodWorker.invokeTestMethods(TestMethodWorker.java:148)
at org.testng.internal.invokers.TestMethodWorker.run(TestMethodWorker.java:128)
at java.base/java.util.ArrayList.forEach(ArrayList.java:1541)
at org.testng.TestRunner.privateRun(TestRunner.java:806)
at org.testng.TestRunner.run(TestRunner.java:601)
at org.testng.SuiteRunner.runTest(SuiteRunner.java:433)
at org.testng.SuiteRunner.runSequentially(SuiteRunner.java:427)
at org.testng.SuiteRunner.privateRun(SuiteRunner.java:387)
at org.testng.SuiteRunner.run(SuiteRunner.java:330)
at org.testng.SuiteRunnerWorker.runSuite(SuiteRunnerWorker.java:52)
at org.testng.SuiteRunnerWorker.run(SuiteRunnerWorker.java:95)
at org.testng.TestNG.runSuitesSequentially(TestNG.java:1256)
at org.testng.TestNG.runSuitesLocally(TestNG.java:1176)
at org.testng.TestNG.runSuites(TestNG.java:1099)
at org.testng.TestNG.run(TestNG.java:1067)
at org.apache.maven.surefire.testng.TestNGExecutor.run(TestNGExecutor.java:62)
at org.apache.maven.surefire.testng.TestNGDirectoryTestSuite.execute(TestNGDirectoryTestSuite.java:141)
at org.apache.maven.surefire.Surefire.run(Surefire.java:180)
at java.base/jdk.internal.reflect.NativeMethodAccessorImpl.invoke0(Native Method)
at java.base/jdk.internal.reflect.NativeMethodAccessorImpl.invoke(NativeMethodAccessorImpl.java:62)
at java.base/jdk.internal.reflect.DelegatingMethodAccessorImpl.invoke(DelegatingMethodAccessorImpl.java:43)
at java.base/java.lang.reflect.Method.invoke(Method.java:566)
at org.apache.maven.surefire.booter.SurefireBooter.runSuitesInProcess(SurefireBooter.java:350)
at org.apache.maven.surefire.booter.SurefireBooter.main(SurefireBooter.java:1021)
]]>
            </full-stacktrace>
          </exception> <!-- java.lang.AssertionError -->
          <reporter-output>
          </reporter-output>
        </test-method> <!-- lowAttendancePerformance -->
        <test-method is-config="true" signature="tearDown()[pri:0, instance:com.E_POC2.TestCases.PowerBIDashBoardTest@4a668b6e]" started-at="2023-06-19T17:59:24 IST" name="tearDown" finished-at="2023-06-19T17:59:24 IST" duration-ms="17" status="PASS">
          <reporter-output>
          </reporter-output>
        </test-method> <!-- tearDown -->
      </class> <!-- com.E_POC2.TestCases.PowerBIDashBoardTest -->
    </test> <!-- Command line test -->
  </suite> <!-- Command line suite -->
</testng-results>
